-------------------------------------------------------------------------------
Test set: ca.jrvs.apps.twitter.controller.TwitterControllerTest
-------------------------------------------------------------------------------
Tests run: 3, Failures: 0, Errors: 3, Skipped: 0, Time elapsed: 0.009 s <<< FAILURE! - in ca.jrvs.apps.twitter.controller.TwitterControllerTest
showTweet(ca.jrvs.apps.twitter.controller.TwitterControllerTest)  Time elapsed: 0 s  <<< ERROR!
java.lang.IllegalArgumentException: ID must contain only numbers
	at ca.jrvs.apps.twitter.controller.TwitterControllerTest.showTweet(TwitterControllerTest.java:43)

deleteTweet(ca.jrvs.apps.twitter.controller.TwitterControllerTest)  Time elapsed: 0 s  <<< ERROR!
java.lang.RuntimeException: oauth.signpost.exception.OAuthExpectationFailedException: consumer key not set
	at ca.jrvs.apps.twitter.controller.TwitterControllerTest.deleteTweet(TwitterControllerTest.java:56)
Caused by: oauth.signpost.exception.OAuthExpectationFailedException: consumer key not set
	at ca.jrvs.apps.twitter.controller.TwitterControllerTest.deleteTweet(TwitterControllerTest.java:56)

postTweet(ca.jrvs.apps.twitter.controller.TwitterControllerTest)  Time elapsed: 0.001 s  <<< ERROR!
java.lang.RuntimeException: oauth.signpost.exception.OAuthExpectationFailedException: consumer key not set
	at ca.jrvs.apps.twitter.controller.TwitterControllerTest.postTweet(TwitterControllerTest.java:37)
Caused by: oauth.signpost.exception.OAuthExpectationFailedException: consumer key not set
	at ca.jrvs.apps.twitter.controller.TwitterControllerTest.postTweet(TwitterControllerTest.java:37)

