-------------------------------------------------------------------------------
Test set: ca.jrvs.apps.twitter.service.TwitterServiceTest
-------------------------------------------------------------------------------
Tests run: 3, Failures: 0, Errors: 3, Skipped: 0, Time elapsed: 0 s <<< FAILURE! - in ca.jrvs.apps.twitter.service.TwitterServiceTest
showTweet(ca.jrvs.apps.twitter.service.TwitterServiceTest)  Time elapsed: 0 s  <<< ERROR!
java.lang.RuntimeException: oauth.signpost.exception.OAuthExpectationFailedException: consumer key not set
	at ca.jrvs.apps.twitter.service.TwitterServiceTest.showTweet(TwitterServiceTest.java:44)
Caused by: oauth.signpost.exception.OAuthExpectationFailedException: consumer key not set
	at ca.jrvs.apps.twitter.service.TwitterServiceTest.showTweet(TwitterServiceTest.java:44)

deleteTweets(ca.jrvs.apps.twitter.service.TwitterServiceTest)  Time elapsed: 0 s  <<< ERROR!
java.lang.RuntimeException: oauth.signpost.exception.OAuthExpectationFailedException: consumer key not set
	at ca.jrvs.apps.twitter.service.TwitterServiceTest.deleteTweets(TwitterServiceTest.java:55)
Caused by: oauth.signpost.exception.OAuthExpectationFailedException: consumer key not set
	at ca.jrvs.apps.twitter.service.TwitterServiceTest.deleteTweets(TwitterServiceTest.java:55)

postTweet(ca.jrvs.apps.twitter.service.TwitterServiceTest)  Time elapsed: 0 s  <<< ERROR!
java.lang.RuntimeException: oauth.signpost.exception.OAuthExpectationFailedException: consumer key not set
	at ca.jrvs.apps.twitter.service.TwitterServiceTest.postTweet(TwitterServiceTest.java:37)
Caused by: oauth.signpost.exception.OAuthExpectationFailedException: consumer key not set
	at ca.jrvs.apps.twitter.service.TwitterServiceTest.postTweet(TwitterServiceTest.java:37)

