<?xml version="1.0" encoding="UTF-8"?>
<testsuite xmlns:xsi="http://www.w3.org/2001/XMLSchema-instance" xsi:noNamespaceSchemaLocation="https://maven.apache.org/surefire/maven-surefire-plugin/xsd/surefire-test-report.xsd" name="ca.jrvs.apps.twitter.controller.TwitterControllerTest" time="0.652" tests="3" errors="2" skipped="0" failures="0">
  <properties>
[...]
</properties>
  <testcase name="showTweet" classname="ca.jrvs.apps.twitter.controller.TwitterControllerTest" time="0.015">
    <error message="ID must contain only numbers" type="java.lang.IllegalArgumentException">java.lang.IllegalArgumentException: ID must contain only numbers
	at ca.jrvs.apps.twitter.controller.TwitterControllerTest.showTweet(TwitterControllerTest.java:43)
</error>
    <system-out><![CDATA[EkzE6VVQySY3y20Cux0PtBAxb|Na4kcQ9RWlAbvdSXlaXdZIBTfUSA8YyJscamEIu644FnZ98Lpq|1640394588807479305-8tra8hmDGbf4iQ1O2spjbgRBL3gwb4|T9bO4hDSF3PfsZRUxDgUU829BEbeDkmm7IBEwNBm1TnZC
]]></system-out>
  </testcase>
  <testcase name="deleteTweet" classname="ca.jrvs.apps.twitter.controller.TwitterControllerTest" time="0.425"/>
  <testcase name="postTweet" classname="ca.jrvs.apps.twitter.controller.TwitterControllerTest" time="0.212">
    <error message="Unexpected HTTP status: 403" type="java.lang.RuntimeException">java.lang.RuntimeException: Unexpected HTTP status: 403
	at ca.jrvs.apps.twitter.controller.TwitterControllerTest.postTweet(TwitterControllerTest.java:37)
</error>
    <system-out><![CDATA[EkzE6VVQySY3y20Cux0PtBAxb|Na4kcQ9RWlAbvdSXlaXdZIBTfUSA8YyJscamEIu644FnZ98Lpq|1640394588807479305-8tra8hmDGbf4iQ1O2spjbgRBL3gwb4|T9bO4hDSF3PfsZRUxDgUU829BEbeDkmm7IBEwNBm1TnZC
15:13:39.482 [main] DEBUG org.apache.http.impl.conn.BasicClientConnectionManager - Get connection for route {s}->https://api.twitter.com:443
15:13:39.482 [main] DEBUG org.apache.http.impl.conn.DefaultClientConnectionOperator - Connecting to api.twitter.com:443
15:13:39.558 [main] DEBUG org.apache.http.client.protocol.RequestAddCookies - CookieSpec selected: default
15:13:39.558 [main] DEBUG org.apache.http.client.protocol.RequestAuthCache - Auth cache not set in the context
15:13:39.558 [main] DEBUG org.apache.http.client.protocol.RequestProxyAuthentication - Proxy auth state: UNCHALLENGED
15:13:39.558 [main] DEBUG org.apache.http.impl.client.DefaultHttpClient - Attempt 1 to execute request
15:13:39.558 [main] DEBUG org.apache.http.impl.conn.DefaultClientConnection - Sending request: POST /2/tweets HTTP/1.1
15:13:39.558 [main] DEBUG org.apache.http.wire -  >> "POST /2/tweets HTTP/1.1[\r][\n]"
15:13:39.558 [main] DEBUG org.apache.http.wire -  >> "content-type: application/json[\r][\n]"
15:13:39.558 [main] DEBUG org.apache.http.wire -  >> "Authorization: OAuth oauth_consumer_key="EkzE6VVQySY3y20Cux0PtBAxb", oauth_nonce="98500878070030384", oauth_signature="UjuicRKddaYvDPDrR2av5%2BJrLi0%3D", oauth_signature_method="HMAC-SHA1", oauth_timestamp="1682608419", oauth_token="1640394588807479305-8tra8hmDGbf4iQ1O2spjbgRBL3gwb4", oauth_version="1.0"[\r][\n]"
15:13:39.558 [main] DEBUG org.apache.http.wire -  >> "Content-Length: 28[\r][\n]"
15:13:39.558 [main] DEBUG org.apache.http.wire -  >> "Host: api.twitter.com[\r][\n]"
15:13:39.558 [main] DEBUG org.apache.http.wire -  >> "Connection: Keep-Alive[\r][\n]"
15:13:39.558 [main] DEBUG org.apache.http.wire -  >> "User-Agent: Apache-HttpClient/4.5.7 (Java/1.8.0_362)[\r][\n]"
15:13:39.558 [main] DEBUG org.apache.http.wire -  >> "[\r][\n]"
15:13:39.558 [main] DEBUG org.apache.http.headers - >> POST /2/tweets HTTP/1.1
15:13:39.558 [main] DEBUG org.apache.http.headers - >> content-type: application/json
15:13:39.559 [main] DEBUG org.apache.http.headers - >> Authorization: OAuth oauth_consumer_key="EkzE6VVQySY3y20Cux0PtBAxb", oauth_nonce="98500878070030384", oauth_signature="UjuicRKddaYvDPDrR2av5%2BJrLi0%3D", oauth_signature_method="HMAC-SHA1", oauth_timestamp="1682608419", oauth_token="1640394588807479305-8tra8hmDGbf4iQ1O2spjbgRBL3gwb4", oauth_version="1.0"
15:13:39.559 [main] DEBUG org.apache.http.headers - >> Content-Length: 28
15:13:39.559 [main] DEBUG org.apache.http.headers - >> Host: api.twitter.com
15:13:39.559 [main] DEBUG org.apache.http.headers - >> Connection: Keep-Alive
15:13:39.559 [main] DEBUG org.apache.http.headers - >> User-Agent: Apache-HttpClient/4.5.7 (Java/1.8.0_362)
15:13:39.559 [main] DEBUG org.apache.http.wire -  >> "{"text":"my name boom boom"}"
15:13:39.667 [main] DEBUG org.apache.http.wire -  << "HTTP/1.1 403 Forbidden[\r][\n]"
15:13:39.667 [main] DEBUG org.apache.http.wire -  << "date: Thu, 27 Apr 2023 15:13:39 UTC[\r][\n]"
15:13:39.667 [main] DEBUG org.apache.http.wire -  << "perf: 7626143928[\r][\n]"
15:13:39.667 [main] DEBUG org.apache.http.wire -  << "server: tsa_b[\r][\n]"
15:13:39.667 [main] DEBUG org.apache.http.wire -  << "set-cookie: guest_id_marketing=v1%3A168260841921608617; Max-Age=63072000; Expires=Sat, 26 Apr 2025 15:13:39 GMT; Path=/; Domain=.twitter.com; Secure; SameSite=None[\r][\n]"
15:13:39.668 [main] DEBUG org.apache.http.wire -  << "set-cookie: guest_id_ads=v1%3A168260841921608617; Max-Age=63072000; Expires=Sat, 26 Apr 2025 15:13:39 GMT; Path=/; Domain=.twitter.com; Secure; SameSite=None[\r][\n]"
15:13:39.668 [main] DEBUG org.apache.http.wire -  << "set-cookie: personalization_id="v1_x5GWptlQ911V7FLEpSvIBg=="; Max-Age=63072000; Expires=Sat, 26 Apr 2025 15:13:39 GMT; Path=/; Domain=.twitter.com; Secure; SameSite=None[\r][\n]"
15:13:39.668 [main] DEBUG org.apache.http.wire -  << "set-cookie: guest_id=v1%3A168260841921608617; Max-Age=63072000; Expires=Sat, 26 Apr 2025 15:13:39 GMT; Path=/; Domain=.twitter.com; Secure; SameSite=None[\r][\n]"
15:13:39.668 [main] DEBUG org.apache.http.wire -  << "api-version: 2.62[\r][\n]"
15:13:39.668 [main] DEBUG org.apache.http.wire -  << "content-type: application/json; charset=utf-8[\r][\n]"
15:13:39.668 [main] DEBUG org.apache.http.wire -  << "cache-control: no-cache, no-store, max-age=0[\r][\n]"
15:13:39.668 [main] DEBUG org.apache.http.wire -  << "content-length: 128[\r][\n]"
15:13:39.668 [main] DEBUG org.apache.http.wire -  << "x-access-level: read-write[\r][\n]"
15:13:39.668 [main] DEBUG org.apache.http.wire -  << "x-frame-options: SAMEORIGIN[\r][\n]"
15:13:39.668 [main] DEBUG org.apache.http.wire -  << "x-transaction-id: 405853674ad29aa7[\r][\n]"
15:13:39.668 [main] DEBUG org.apache.http.wire -  << "x-xss-protection: 0[\r][\n]"
15:13:39.668 [main] DEBUG org.apache.http.wire -  << "x-rate-limit-limit: 40000[\r][\n]"
15:13:39.668 [main] DEBUG org.apache.http.wire -  << "x-rate-limit-reset: 1682609316[\r][\n]"
15:13:39.668 [main] DEBUG org.apache.http.wire -  << "content-disposition: attachment; filename=json.json[\r][\n]"
15:13:39.668 [main] DEBUG org.apache.http.wire -  << "x-content-type-options: nosniff[\r][\n]"
15:13:39.668 [main] DEBUG org.apache.http.wire -  << "x-rate-limit-remaining: 39997[\r][\n]"
15:13:39.668 [main] DEBUG org.apache.http.wire -  << "strict-transport-security: max-age=631138519[\r][\n]"
15:13:39.668 [main] DEBUG org.apache.http.wire -  << "x-response-time: 50[\r][\n]"
15:13:39.668 [main] DEBUG org.apache.http.wire -  << "x-connection-hash: 79f7d3f3920dbe0eb51db7fda602702175c3d66ab2fd4254f916e88185b9555f[\r][\n]"
15:13:39.668 [main] DEBUG org.apache.http.wire -  << "[\r][\n]"
15:13:39.668 [main] DEBUG org.apache.http.impl.conn.DefaultClientConnection - Receiving response: HTTP/1.1 403 Forbidden
15:13:39.668 [main] DEBUG org.apache.http.headers - << HTTP/1.1 403 Forbidden
15:13:39.668 [main] DEBUG org.apache.http.headers - << date: Thu, 27 Apr 2023 15:13:39 UTC
15:13:39.668 [main] DEBUG org.apache.http.headers - << perf: 7626143928
15:13:39.668 [main] DEBUG org.apache.http.headers - << server: tsa_b
15:13:39.668 [main] DEBUG org.apache.http.headers - << set-cookie: guest_id_marketing=v1%3A168260841921608617; Max-Age=63072000; Expires=Sat, 26 Apr 2025 15:13:39 GMT; Path=/; Domain=.twitter.com; Secure; SameSite=None
15:13:39.668 [main] DEBUG org.apache.http.headers - << set-cookie: guest_id_ads=v1%3A168260841921608617; Max-Age=63072000; Expires=Sat, 26 Apr 2025 15:13:39 GMT; Path=/; Domain=.twitter.com; Secure; SameSite=None
15:13:39.668 [main] DEBUG org.apache.http.headers - << set-cookie: personalization_id="v1_x5GWptlQ911V7FLEpSvIBg=="; Max-Age=63072000; Expires=Sat, 26 Apr 2025 15:13:39 GMT; Path=/; Domain=.twitter.com; Secure; SameSite=None
15:13:39.668 [main] DEBUG org.apache.http.headers - << set-cookie: guest_id=v1%3A168260841921608617; Max-Age=63072000; Expires=Sat, 26 Apr 2025 15:13:39 GMT; Path=/; Domain=.twitter.com; Secure; SameSite=None
15:13:39.668 [main] DEBUG org.apache.http.headers - << api-version: 2.62
15:13:39.668 [main] DEBUG org.apache.http.headers - << content-type: application/json; charset=utf-8
15:13:39.668 [main] DEBUG org.apache.http.headers - << cache-control: no-cache, no-store, max-age=0
15:13:39.668 [main] DEBUG org.apache.http.headers - << content-length: 128
15:13:39.668 [main] DEBUG org.apache.http.headers - << x-access-level: read-write
15:13:39.668 [main] DEBUG org.apache.http.headers - << x-frame-options: SAMEORIGIN
15:13:39.668 [main] DEBUG org.apache.http.headers - << x-transaction-id: 405853674ad29aa7
15:13:39.668 [main] DEBUG org.apache.http.headers - << x-xss-protection: 0
15:13:39.668 [main] DEBUG org.apache.http.headers - << x-rate-limit-limit: 40000
15:13:39.668 [main] DEBUG org.apache.http.headers - << x-rate-limit-reset: 1682609316
15:13:39.668 [main] DEBUG org.apache.http.headers - << content-disposition: attachment; filename=json.json
15:13:39.668 [main] DEBUG org.apache.http.headers - << x-content-type-options: nosniff
15:13:39.668 [main] DEBUG org.apache.http.headers - << x-rate-limit-remaining: 39997
15:13:39.668 [main] DEBUG org.apache.http.headers - << strict-transport-security: max-age=631138519
15:13:39.668 [main] DEBUG org.apache.http.headers - << x-response-time: 50
15:13:39.668 [main] DEBUG org.apache.http.headers - << x-connection-hash: 79f7d3f3920dbe0eb51db7fda602702175c3d66ab2fd4254f916e88185b9555f
15:13:39.669 [main] WARN org.apache.http.client.protocol.ResponseProcessCookies - Invalid cookie header: "set-cookie: guest_id_marketing=v1%3A168260841921608617; Max-Age=63072000; Expires=Sat, 26 Apr 2025 15:13:39 GMT; Path=/; Domain=.twitter.com; Secure; SameSite=None". Invalid 'expires' attribute: Sat, 26 Apr 2025 15:13:39 GMT
15:13:39.669 [main] WARN org.apache.http.client.protocol.ResponseProcessCookies - Invalid cookie header: "set-cookie: guest_id_ads=v1%3A168260841921608617; Max-Age=63072000; Expires=Sat, 26 Apr 2025 15:13:39 GMT; Path=/; Domain=.twitter.com; Secure; SameSite=None". Invalid 'expires' attribute: Sat, 26 Apr 2025 15:13:39 GMT
15:13:39.669 [main] WARN org.apache.http.client.protocol.ResponseProcessCookies - Invalid cookie header: "set-cookie: personalization_id="v1_x5GWptlQ911V7FLEpSvIBg=="; Max-Age=63072000; Expires=Sat, 26 Apr 2025 15:13:39 GMT; Path=/; Domain=.twitter.com; Secure; SameSite=None". Invalid 'expires' attribute: Sat, 26 Apr 2025 15:13:39 GMT
15:13:39.669 [main] WARN org.apache.http.client.protocol.ResponseProcessCookies - Invalid cookie header: "set-cookie: guest_id=v1%3A168260841921608617; Max-Age=63072000; Expires=Sat, 26 Apr 2025 15:13:39 GMT; Path=/; Domain=.twitter.com; Secure; SameSite=None". Invalid 'expires' attribute: Sat, 26 Apr 2025 15:13:39 GMT
15:13:39.669 [main] DEBUG org.apache.http.impl.client.DefaultHttpClient - Connection can be kept alive indefinitely
15:13:39.669 [main] DEBUG org.apache.http.wire -  << "{"detail":"You are not allowed to create a Tweet with duplicate content.","type":"about:blank","title":"Forbidden","status":403}"
15:13:39.670 [main] DEBUG org.apache.http.impl.conn.BasicClientConnectionManager - Releasing connection org.apache.http.impl.conn.ManagedClientConnectionImpl@63eef88a
15:13:39.670 [main] DEBUG org.apache.http.impl.conn.BasicClientConnectionManager - Connection can be kept alive indefinitely
{"detail":"You are not allowed to create a Tweet with duplicate content.","type":"about:blank","title":"Forbidden","status":403}
]]></system-out>
  </testcase>
</testsuite>